<?xml version="1.0" encoding="UTF-8"?>
<!-- Generated by org.testng.reporters.JUnitReportReporter -->
<testsuite hostname="DESKTOP-M2RHSKU" failures="0" tests="1" name="com.icj.tests.ICJ_UAT_ExistingSubscriptionDetailPageTest" time="13.001" errors="0" timestamp="2023-10-30T15:22:18 IST" skipped="0">
  <testcase classname="com.icj.tests.ICJ_UAT_ExistingSubscriptionDetailPageTest" name="testWithSubscriberDetail" time="13.001"/>
</testsuite> <!-- com.icj.tests.ICJ_UAT_ExistingSubscriptionDetailPageTest -->
