<?xml version="1.0" encoding="UTF-8"?>
<!-- Generated by org.testng.reporters.JUnitReportReporter -->
<testsuite hostname="DESKTOP-M2RHSKU" failures="0" tests="1" name="com.icj.tests.ICJ_UAT_LoginPageTest" time="5.065" errors="0" timestamp="2023-10-26T19:17:55 IST" skipped="0">
  <testcase classname="com.icj.tests.ICJ_UAT_LoginPageTest" name="testTitleOfThePage" time="5.065"/>
</testsuite> <!-- com.icj.tests.ICJ_UAT_LoginPageTest -->
